{"D:\\Web\\alkemy-sk\\n-8-Alk-31-10\\app.js": {"path":"D:\\Web\\alkemy-sk\\n-8-Alk-31-10\\app.js","statementMap":{"0":{"start":{"line":1,"column":20},"end":{"line":1,"column":42}},"1":{"start":{"line":2,"column":16},"end":{"line":2,"column":34}},"2":{"start":{"line":3,"column":13},"end":{"line":3,"column":28}},"3":{"start":{"line":4,"column":21},"end":{"line":4,"column":45}},"4":{"start":{"line":5,"column":15},"end":{"line":5,"column":32}},"5":{"start":{"line":6,"column":13},"end":{"line":6,"column":28}},"6":{"start":{"line":7,"column":0},"end":{"line":7,"column":27}},"7":{"start":{"line":8,"column":20},"end":{"line":8,"column":45}},"8":{"start":{"line":9,"column":22},"end":{"line":9,"column":51}},"9":{"start":{"line":10,"column":13},"end":{"line":10,"column":37}},"10":{"start":{"line":12,"column":12},"end":{"line":12,"column":21}},"11":{"start":{"line":13,"column":0},"end":{"line":13,"column":16}},"12":{"start":{"line":15,"column":0},"end":{"line":15,"column":23}},"13":{"start":{"line":16,"column":0},"end":{"line":16,"column":24}},"14":{"start":{"line":17,"column":0},"end":{"line":17,"column":49}},"15":{"start":{"line":18,"column":0},"end":{"line":18,"column":24}},"16":{"start":{"line":19,"column":0},"end":{"line":19,"column":65}},"17":{"start":{"line":21,"column":0},"end":{"line":21,"column":26}},"18":{"start":{"line":24,"column":0},"end":{"line":26,"column":3}},"19":{"start":{"line":25,"column":2},"end":{"line":25,"column":25}},"20":{"start":{"line":31,"column":0},"end":{"line":35,"column":3}},"21":{"start":{"line":32,"column":17},"end":{"line":32,"column":38}},"22":{"start":{"line":33,"column":18},"end":{"line":33,"column":36}},"23":{"start":{"line":34,"column":2},"end":{"line":34,"column":39}},"24":{"start":{"line":37,"column":0},"end":{"line":47,"column":5}},"25":{"start":{"line":40,"column":4},"end":{"line":40,"column":38}},"26":{"start":{"line":41,"column":4},"end":{"line":43,"column":7}},"27":{"start":{"line":42,"column":6},"end":{"line":42,"column":49}},"28":{"start":{"line":46,"column":4},"end":{"line":46,"column":21}},"29":{"start":{"line":49,"column":0},"end":{"line":49,"column":21}}},"fnMap":{"0":{"name":"(anonymous_0)","decl":{"start":{"line":24,"column":8},"end":{"line":24,"column":9}},"loc":{"start":{"line":24,"column":28},"end":{"line":26,"column":1}},"line":24},"1":{"name":"(anonymous_1)","decl":{"start":{"line":31,"column":8},"end":{"line":31,"column":9}},"loc":{"start":{"line":31,"column":33},"end":{"line":35,"column":1}},"line":31},"2":{"name":"(anonymous_2)","decl":{"start":{"line":39,"column":8},"end":{"line":39,"column":9}},"loc":{"start":{"line":39,"column":14},"end":{"line":44,"column":3}},"line":39},"3":{"name":"(anonymous_3)","decl":{"start":{"line":41,"column":62},"end":{"line":41,"column":63}},"loc":{"start":{"line":41,"column":68},"end":{"line":43,"column":5}},"line":41},"4":{"name":"(anonymous_4)","decl":{"start":{"line":45,"column":9},"end":{"line":45,"column":10}},"loc":{"start":{"line":45,"column":18},"end":{"line":47,"column":3}},"line":45}},"branchMap":{"0":{"loc":{"start":{"line":10,"column":13},"end":{"line":10,"column":37}},"type":"binary-expr","locations":[{"start":{"line":10,"column":13},"end":{"line":10,"column":29}},{"start":{"line":10,"column":33},"end":{"line":10,"column":37}}],"line":10},"1":{"loc":{"start":{"line":32,"column":17},"end":{"line":32,"column":38}},"type":"binary-expr","locations":[{"start":{"line":32,"column":17},"end":{"line":32,"column":31}},{"start":{"line":32,"column":35},"end":{"line":32,"column":38}}],"line":32},"2":{"loc":{"start":{"line":33,"column":18},"end":{"line":33,"column":36}},"type":"binary-expr","locations":[{"start":{"line":33,"column":18},"end":{"line":33,"column":29}},{"start":{"line":33,"column":33},"end":{"line":33,"column":36}}],"line":33},"3":{"loc":{"start":{"line":41,"column":15},"end":{"line":41,"column":60}},"type":"cond-expr","locations":[{"start":{"line":41,"column":49},"end":{"line":41,"column":53}},{"start":{"line":41,"column":56},"end":{"line":41,"column":60}}],"line":41}},"s":{"0":1,"1":1,"2":1,"3":1,"4":1,"5":1,"6":1,"7":1,"8":1,"9":1,"10":1,"11":1,"12":1,"13":1,"14":1,"15":1,"16":1,"17":1,"18":1,"19":0,"20":1,"21":0,"22":0,"23":0,"24":1,"25":1,"26":1,"27":1,"28":0,"29":1},"f":{"0":0,"1":0,"2":1,"3":1,"4":0},"b":{"0":[1,1],"1":[0,0],"2":[0,0],"3":[0,1]},"_coverageSchema":"1a1c01bbd47fc00a2c39e90264f33305004495a9","hash":"610abc52370cd1e15e306934081128019251061f"}
,"D:\\Web\\alkemy-sk\\n-8-Alk-31-10\\config\\config.js": {"path":"D:\\Web\\alkemy-sk\\n-8-Alk-31-10\\config\\config.js","statementMap":{"0":{"start":{"line":1,"column":0},"end":{"line":1,"column":27}},"1":{"start":{"line":3,"column":0},"end":{"line":36,"column":2}}},"fnMap":{},"branchMap":{},"s":{"0":1,"1":1},"f":{},"b":{},"_coverageSchema":"1a1c01bbd47fc00a2c39e90264f33305004495a9","hash":"588391be4bb0a66d7a42370ac6ecd58acc0a9e1f"}
,"D:\\Web\\alkemy-sk\\n-8-Alk-31-10\\controllers\\auth.js": {"path":"D:\\Web\\alkemy-sk\\n-8-Alk-31-10\\controllers\\auth.js","statementMap":{"0":{"start":{"line":1,"column":23},"end":{"line":1,"column":55}},"1":{"start":{"line":2,"column":17},"end":{"line":2,"column":46}},"2":{"start":{"line":3,"column":15},"end":{"line":3,"column":46}},"3":{"start":{"line":4,"column":29},"end":{"line":4,"column":58}},"4":{"start":{"line":5,"column":24},"end":{"line":5,"column":51}},"5":{"start":{"line":6,"column":16},"end":{"line":6,"column":41}},"6":{"start":{"line":8,"column":0},"end":{"line":35,"column":2}},"7":{"start":{"line":10,"column":4},"end":{"line":33,"column":5}},"8":{"start":{"line":11,"column":34},"end":{"line":11,"column":42}},"9":{"start":{"line":13,"column":24},"end":{"line":13,"column":75}},"10":{"start":{"line":15,"column":6},"end":{"line":15,"column":64}},"11":{"start":{"line":15,"column":22},"end":{"line":15,"column":64}},"12":{"start":{"line":17,"column":29},"end":{"line":20,"column":7}},"13":{"start":{"line":22,"column":6},"end":{"line":22,"column":69}},"14":{"start":{"line":22,"column":27},"end":{"line":22,"column":69}},"15":{"start":{"line":23,"column":6},"end":{"line":23,"column":32}},"16":{"start":{"line":24,"column":20},"end":{"line":24,"column":41}},"17":{"start":{"line":26,"column":6},"end":{"line":30,"column":9}},"18":{"start":{"line":32,"column":6},"end":{"line":32,"column":18}}},"fnMap":{"0":{"name":"(anonymous_0)","decl":{"start":{"line":9,"column":20},"end":{"line":9,"column":21}},"loc":{"start":{"line":9,"column":46},"end":{"line":34,"column":3}},"line":9}},"branchMap":{"0":{"loc":{"start":{"line":15,"column":6},"end":{"line":15,"column":64}},"type":"if","locations":[{"start":{"line":15,"column":6},"end":{"line":15,"column":64}},{"start":{},"end":{}}],"line":15},"1":{"loc":{"start":{"line":22,"column":6},"end":{"line":22,"column":69}},"type":"if","locations":[{"start":{"line":22,"column":6},"end":{"line":22,"column":69}},{"start":{},"end":{}}],"line":22}},"s":{"0":1,"1":1,"2":1,"3":1,"4":1,"5":1,"6":1,"7":1,"8":1,"9":1,"10":1,"11":0,"12":1,"13":1,"14":0,"15":1,"16":1,"17":1,"18":0},"f":{"0":1},"b":{"0":[0,1],"1":[0,1]},"_coverageSchema":"1a1c01bbd47fc00a2c39e90264f33305004495a9","hash":"33f685320c2f635f94af63dc08b814a6e760cba1"}
,"D:\\Web\\alkemy-sk\\n-8-Alk-31-10\\controllers\\categories.js": {"path":"D:\\Web\\alkemy-sk\\n-8-Alk-31-10\\controllers\\categories.js","statementMap":{"0":{"start":{"line":1,"column":21},"end":{"line":1,"column":50}},"1":{"start":{"line":2,"column":29},"end":{"line":2,"column":58}},"2":{"start":{"line":3,"column":23},"end":{"line":3,"column":55}},"3":{"start":{"line":4,"column":24},"end":{"line":4,"column":51}},"4":{"start":{"line":7,"column":0},"end":{"line":71,"column":2}},"5":{"start":{"line":9,"column":4},"end":{"line":18,"column":5}},"6":{"start":{"line":10,"column":23},"end":{"line":10,"column":47}},"7":{"start":{"line":11,"column":6},"end":{"line":15,"column":9}},"8":{"start":{"line":17,"column":6},"end":{"line":17,"column":18}},"9":{"start":{"line":21,"column":4},"end":{"line":33,"column":5}},"10":{"start":{"line":22,"column":21},"end":{"line":22,"column":31}},"11":{"start":{"line":23,"column":23},"end":{"line":23,"column":50}},"12":{"start":{"line":25,"column":6},"end":{"line":25,"column":70}},"13":{"start":{"line":25,"column":21},"end":{"line":25,"column":70}},"14":{"start":{"line":26,"column":6},"end":{"line":30,"column":9}},"15":{"start":{"line":32,"column":6},"end":{"line":32,"column":18}},"16":{"start":{"line":36,"column":4},"end":{"line":50,"column":5}},"17":{"start":{"line":37,"column":36},"end":{"line":37,"column":44}},"18":{"start":{"line":38,"column":23},"end":{"line":41,"column":8}},"19":{"start":{"line":43,"column":6},"end":{"line":47,"column":9}},"20":{"start":{"line":49,"column":6},"end":{"line":49,"column":18}},"21":{"start":{"line":53,"column":4},"end":{"line":69,"column":5}},"22":{"start":{"line":54,"column":21},"end":{"line":54,"column":31}},"23":{"start":{"line":55,"column":36},"end":{"line":55,"column":44}},"24":{"start":{"line":57,"column":23},"end":{"line":57,"column":50}},"25":{"start":{"line":59,"column":6},"end":{"line":59,"column":64}},"26":{"start":{"line":59,"column":21},"end":{"line":59,"column":64}},"27":{"start":{"line":61,"column":6},"end":{"line":61,"column":51}},"28":{"start":{"line":63,"column":6},"end":{"line":66,"column":9}},"29":{"start":{"line":68,"column":6},"end":{"line":68,"column":18}}},"fnMap":{"0":{"name":"(anonymous_0)","decl":{"start":{"line":8,"column":18},"end":{"line":8,"column":19}},"loc":{"start":{"line":8,"column":44},"end":{"line":19,"column":3}},"line":8},"1":{"name":"(anonymous_1)","decl":{"start":{"line":20,"column":22},"end":{"line":20,"column":23}},"loc":{"start":{"line":20,"column":48},"end":{"line":34,"column":3}},"line":20},"2":{"name":"(anonymous_2)","decl":{"start":{"line":35,"column":21},"end":{"line":35,"column":22}},"loc":{"start":{"line":35,"column":47},"end":{"line":51,"column":3}},"line":35},"3":{"name":"(anonymous_3)","decl":{"start":{"line":52,"column":21},"end":{"line":52,"column":22}},"loc":{"start":{"line":52,"column":47},"end":{"line":70,"column":3}},"line":52}},"branchMap":{"0":{"loc":{"start":{"line":25,"column":6},"end":{"line":25,"column":70}},"type":"if","locations":[{"start":{"line":25,"column":6},"end":{"line":25,"column":70}},{"start":{},"end":{}}],"line":25},"1":{"loc":{"start":{"line":59,"column":6},"end":{"line":59,"column":64}},"type":"if","locations":[{"start":{"line":59,"column":6},"end":{"line":59,"column":64}},{"start":{},"end":{}}],"line":59}},"s":{"0":1,"1":1,"2":1,"3":1,"4":1,"5":0,"6":0,"7":0,"8":0,"9":0,"10":0,"11":0,"12":0,"13":0,"14":0,"15":0,"16":0,"17":0,"18":0,"19":0,"20":0,"21":0,"22":0,"23":0,"24":0,"25":0,"26":0,"27":0,"28":0,"29":0},"f":{"0":0,"1":0,"2":0,"3":0},"b":{"0":[0,0],"1":[0,0]},"_coverageSchema":"1a1c01bbd47fc00a2c39e90264f33305004495a9","hash":"96ad615b1127934ca7951c3573ad82207527df6b"}
,"D:\\Web\\alkemy-sk\\n-8-Alk-31-10\\controllers\\index.js": {"path":"D:\\Web\\alkemy-sk\\n-8-Alk-31-10\\controllers\\index.js","statementMap":{"0":{"start":{"line":1,"column":23},"end":{"line":1,"column":41}},"1":{"start":{"line":2,"column":23},"end":{"line":2,"column":40}},"2":{"start":{"line":3,"column":29},"end":{"line":3,"column":52}},"3":{"start":{"line":5,"column":0},"end":{"line":5,"column":74}}},"fnMap":{},"branchMap":{},"s":{"0":1,"1":1,"2":1,"3":1},"f":{},"b":{},"_coverageSchema":"1a1c01bbd47fc00a2c39e90264f33305004495a9","hash":"1bd213685e5f4807dcbed56885708b09971b15d2"}
,"D:\\Web\\alkemy-sk\\n-8-Alk-31-10\\controllers\\transactions.js": {"path":"D:\\Web\\alkemy-sk\\n-8-Alk-31-10\\controllers\\transactions.js","statementMap":{"0":{"start":{"line":1,"column":24},"end":{"line":1,"column":53}},"1":{"start":{"line":2,"column":29},"end":{"line":2,"column":58}},"2":{"start":{"line":3,"column":23},"end":{"line":3,"column":55}},"3":{"start":{"line":4,"column":24},"end":{"line":4,"column":51}},"4":{"start":{"line":5,"column":27},"end":{"line":5,"column":59}},"5":{"start":{"line":6,"column":16},"end":{"line":6,"column":41}},"6":{"start":{"line":8,"column":0},"end":{"line":128,"column":2}},"7":{"start":{"line":10,"column":4},"end":{"line":37,"column":5}},"8":{"start":{"line":11,"column":34},"end":{"line":11,"column":43}},"9":{"start":{"line":12,"column":19},"end":{"line":12,"column":21}},"10":{"start":{"line":14,"column":6},"end":{"line":26,"column":11}},"11":{"start":{"line":15,"column":8},"end":{"line":20,"column":11}},"12":{"start":{"line":22,"column":8},"end":{"line":26,"column":11}},"13":{"start":{"line":28,"column":21},"end":{"line":28,"column":67}},"14":{"start":{"line":28,"column":47},"end":{"line":28,"column":66}},"15":{"start":{"line":29,"column":24},"end":{"line":29,"column":63}},"16":{"start":{"line":30,"column":6},"end":{"line":34,"column":9}},"17":{"start":{"line":36,"column":6},"end":{"line":36,"column":18}},"18":{"start":{"line":41,"column":4},"end":{"line":54,"column":5}},"19":{"start":{"line":42,"column":21},"end":{"line":42,"column":31}},"20":{"start":{"line":43,"column":23},"end":{"line":43,"column":68}},"21":{"start":{"line":45,"column":6},"end":{"line":45,"column":73}},"22":{"start":{"line":45,"column":21},"end":{"line":45,"column":73}},"23":{"start":{"line":46,"column":20},"end":{"line":46,"column":40}},"24":{"start":{"line":47,"column":6},"end":{"line":51,"column":9}},"25":{"start":{"line":53,"column":6},"end":{"line":53,"column":18}},"26":{"start":{"line":58,"column":4},"end":{"line":75,"column":5}},"27":{"start":{"line":59,"column":47},"end":{"line":59,"column":55}},"28":{"start":{"line":61,"column":23},"end":{"line":66,"column":8}},"29":{"start":{"line":67,"column":20},"end":{"line":67,"column":51}},"30":{"start":{"line":68,"column":6},"end":{"line":72,"column":9}},"31":{"start":{"line":74,"column":6},"end":{"line":74,"column":18}},"32":{"start":{"line":79,"column":4},"end":{"line":107,"column":5}},"33":{"start":{"line":80,"column":47},"end":{"line":80,"column":55}},"34":{"start":{"line":81,"column":21},"end":{"line":81,"column":31}},"35":{"start":{"line":82,"column":23},"end":{"line":92,"column":7}},"36":{"start":{"line":93,"column":6},"end":{"line":104,"column":7}},"37":{"start":{"line":94,"column":8},"end":{"line":98,"column":11}},"38":{"start":{"line":100,"column":8},"end":{"line":103,"column":10}},"39":{"start":{"line":106,"column":6},"end":{"line":106,"column":18}},"40":{"start":{"line":111,"column":4},"end":{"line":126,"column":5}},"41":{"start":{"line":112,"column":21},"end":{"line":112,"column":31}},"42":{"start":{"line":114,"column":23},"end":{"line":118,"column":8}},"43":{"start":{"line":119,"column":6},"end":{"line":123,"column":9}},"44":{"start":{"line":125,"column":6},"end":{"line":125,"column":18}}},"fnMap":{"0":{"name":"(anonymous_0)","decl":{"start":{"line":9,"column":18},"end":{"line":9,"column":19}},"loc":{"start":{"line":9,"column":44},"end":{"line":38,"column":3}},"line":9},"1":{"name":"(anonymous_1)","decl":{"start":{"line":28,"column":34},"end":{"line":28,"column":35}},"loc":{"start":{"line":28,"column":47},"end":{"line":28,"column":66}},"line":28},"2":{"name":"(anonymous_2)","decl":{"start":{"line":40,"column":22},"end":{"line":40,"column":23}},"loc":{"start":{"line":40,"column":48},"end":{"line":55,"column":3}},"line":40},"3":{"name":"(anonymous_3)","decl":{"start":{"line":57,"column":21},"end":{"line":57,"column":22}},"loc":{"start":{"line":57,"column":47},"end":{"line":76,"column":3}},"line":57},"4":{"name":"(anonymous_4)","decl":{"start":{"line":78,"column":21},"end":{"line":78,"column":22}},"loc":{"start":{"line":78,"column":47},"end":{"line":108,"column":3}},"line":78},"5":{"name":"(anonymous_5)","decl":{"start":{"line":110,"column":21},"end":{"line":110,"column":22}},"loc":{"start":{"line":110,"column":47},"end":{"line":127,"column":3}},"line":110}},"branchMap":{"0":{"loc":{"start":{"line":11,"column":21},"end":{"line":11,"column":29}},"type":"default-arg","locations":[{"start":{"line":11,"column":28},"end":{"line":11,"column":29}}],"line":11},"1":{"loc":{"start":{"line":14,"column":6},"end":{"line":26,"column":11}},"type":"if","locations":[{"start":{"line":14,"column":6},"end":{"line":26,"column":11}},{"start":{"line":22,"column":8},"end":{"line":26,"column":11}}],"line":14},"2":{"loc":{"start":{"line":45,"column":6},"end":{"line":45,"column":73}},"type":"if","locations":[{"start":{"line":45,"column":6},"end":{"line":45,"column":73}},{"start":{},"end":{}}],"line":45},"3":{"loc":{"start":{"line":93,"column":6},"end":{"line":104,"column":7}},"type":"if","locations":[{"start":{"line":93,"column":6},"end":{"line":104,"column":7}},{"start":{"line":99,"column":13},"end":{"line":104,"column":7}}],"line":93}},"s":{"0":1,"1":1,"2":1,"3":1,"4":1,"5":1,"6":1,"7":0,"8":0,"9":0,"10":0,"11":0,"12":0,"13":0,"14":0,"15":0,"16":0,"17":0,"18":0,"19":0,"20":0,"21":0,"22":0,"23":0,"24":0,"25":0,"26":0,"27":0,"28":0,"29":0,"30":0,"31":0,"32":0,"33":0,"34":0,"35":0,"36":0,"37":0,"38":0,"39":0,"40":0,"41":0,"42":0,"43":0,"44":0},"f":{"0":0,"1":0,"2":0,"3":0,"4":0,"5":0},"b":{"0":[0],"1":[0,0],"2":[0,0],"3":[0,0]},"_coverageSchema":"1a1c01bbd47fc00a2c39e90264f33305004495a9","hash":"c6144dd6d0178130f761a4f609e9f7db504f7882"}
,"D:\\Web\\alkemy-sk\\n-8-Alk-31-10\\controllers\\users.js": {"path":"D:\\Web\\alkemy-sk\\n-8-Alk-31-10\\controllers\\users.js","statementMap":{"0":{"start":{"line":1,"column":17},"end":{"line":1,"column":46}},"1":{"start":{"line":2,"column":29},"end":{"line":2,"column":58}},"2":{"start":{"line":3,"column":23},"end":{"line":3,"column":55}},"3":{"start":{"line":4,"column":15},"end":{"line":4,"column":46}},"4":{"start":{"line":5,"column":24},"end":{"line":5,"column":51}},"5":{"start":{"line":6,"column":16},"end":{"line":6,"column":41}},"6":{"start":{"line":7,"column":27},"end":{"line":7,"column":59}},"7":{"start":{"line":10,"column":0},"end":{"line":131,"column":2}},"8":{"start":{"line":12,"column":4},"end":{"line":34,"column":5}},"9":{"start":{"line":13,"column":27},"end":{"line":13,"column":36}},"10":{"start":{"line":14,"column":19},"end":{"line":14,"column":21}},"11":{"start":{"line":15,"column":23},"end":{"line":19,"column":8}},"12":{"start":{"line":20,"column":21},"end":{"line":20,"column":72}},"13":{"start":{"line":20,"column":44},"end":{"line":20,"column":71}},"14":{"start":{"line":22,"column":23},"end":{"line":22,"column":55}},"15":{"start":{"line":24,"column":6},"end":{"line":31,"column":9}},"16":{"start":{"line":33,"column":6},"end":{"line":33,"column":18}},"17":{"start":{"line":38,"column":4},"end":{"line":53,"column":5}},"18":{"start":{"line":39,"column":21},"end":{"line":39,"column":31}},"19":{"start":{"line":40,"column":23},"end":{"line":40,"column":61}},"20":{"start":{"line":42,"column":6},"end":{"line":42,"column":66}},"21":{"start":{"line":42,"column":21},"end":{"line":42,"column":66}},"22":{"start":{"line":43,"column":6},"end":{"line":43,"column":31}},"23":{"start":{"line":44,"column":20},"end":{"line":44,"column":40}},"24":{"start":{"line":46,"column":6},"end":{"line":50,"column":9}},"25":{"start":{"line":52,"column":6},"end":{"line":52,"column":18}},"26":{"start":{"line":57,"column":4},"end":{"line":84,"column":5}},"27":{"start":{"line":58,"column":53},"end":{"line":58,"column":61}},"28":{"start":{"line":60,"column":6},"end":{"line":60,"column":53}},"29":{"start":{"line":62,"column":34},"end":{"line":72,"column":8}},"30":{"start":{"line":73,"column":6},"end":{"line":73,"column":42}},"31":{"start":{"line":74,"column":20},"end":{"line":74,"column":51}},"32":{"start":{"line":76,"column":6},"end":{"line":76,"column":78}},"33":{"start":{"line":76,"column":20},"end":{"line":76,"column":78}},"34":{"start":{"line":77,"column":6},"end":{"line":81,"column":9}},"35":{"start":{"line":83,"column":6},"end":{"line":83,"column":18}},"36":{"start":{"line":88,"column":4},"end":{"line":104,"column":5}},"37":{"start":{"line":89,"column":21},"end":{"line":89,"column":31}},"38":{"start":{"line":90,"column":23},"end":{"line":92,"column":8}},"39":{"start":{"line":93,"column":6},"end":{"line":101,"column":7}},"40":{"start":{"line":94,"column":8},"end":{"line":98,"column":11}},"41":{"start":{"line":100,"column":8},"end":{"line":100,"column":52}},"42":{"start":{"line":103,"column":6},"end":{"line":103,"column":18}},"43":{"start":{"line":108,"column":4},"end":{"line":129,"column":5}},"44":{"start":{"line":109,"column":53},"end":{"line":109,"column":61}},"45":{"start":{"line":110,"column":6},"end":{"line":110,"column":49}},"46":{"start":{"line":111,"column":21},"end":{"line":111,"column":31}},"47":{"start":{"line":112,"column":23},"end":{"line":117,"column":7}},"48":{"start":{"line":118,"column":6},"end":{"line":126,"column":7}},"49":{"start":{"line":119,"column":8},"end":{"line":123,"column":11}},"50":{"start":{"line":125,"column":8},"end":{"line":125,"column":72}},"51":{"start":{"line":128,"column":6},"end":{"line":128,"column":18}}},"fnMap":{"0":{"name":"(anonymous_0)","decl":{"start":{"line":11,"column":18},"end":{"line":11,"column":19}},"loc":{"start":{"line":11,"column":44},"end":{"line":35,"column":3}},"line":11},"1":{"name":"(anonymous_1)","decl":{"start":{"line":20,"column":34},"end":{"line":20,"column":35}},"loc":{"start":{"line":20,"column":44},"end":{"line":20,"column":71}},"line":20},"2":{"name":"(anonymous_2)","decl":{"start":{"line":37,"column":22},"end":{"line":37,"column":23}},"loc":{"start":{"line":37,"column":48},"end":{"line":54,"column":3}},"line":37},"3":{"name":"(anonymous_3)","decl":{"start":{"line":56,"column":21},"end":{"line":56,"column":22}},"loc":{"start":{"line":56,"column":47},"end":{"line":85,"column":3}},"line":56},"4":{"name":"(anonymous_4)","decl":{"start":{"line":87,"column":21},"end":{"line":87,"column":22}},"loc":{"start":{"line":87,"column":47},"end":{"line":105,"column":3}},"line":87},"5":{"name":"(anonymous_5)","decl":{"start":{"line":107,"column":21},"end":{"line":107,"column":22}},"loc":{"start":{"line":107,"column":47},"end":{"line":130,"column":3}},"line":107}},"branchMap":{"0":{"loc":{"start":{"line":13,"column":14},"end":{"line":13,"column":22}},"type":"default-arg","locations":[{"start":{"line":13,"column":21},"end":{"line":13,"column":22}}],"line":13},"1":{"loc":{"start":{"line":42,"column":6},"end":{"line":42,"column":66}},"type":"if","locations":[{"start":{"line":42,"column":6},"end":{"line":42,"column":66}},{"start":{},"end":{}}],"line":42},"2":{"loc":{"start":{"line":76,"column":6},"end":{"line":76,"column":78}},"type":"if","locations":[{"start":{"line":76,"column":6},"end":{"line":76,"column":78}},{"start":{},"end":{}}],"line":76},"3":{"loc":{"start":{"line":93,"column":6},"end":{"line":101,"column":7}},"type":"if","locations":[{"start":{"line":93,"column":6},"end":{"line":101,"column":7}},{"start":{"line":99,"column":13},"end":{"line":101,"column":7}}],"line":93},"4":{"loc":{"start":{"line":118,"column":6},"end":{"line":126,"column":7}},"type":"if","locations":[{"start":{"line":118,"column":6},"end":{"line":126,"column":7}},{"start":{"line":124,"column":13},"end":{"line":126,"column":7}}],"line":118}},"s":{"0":1,"1":1,"2":1,"3":1,"4":1,"5":1,"6":1,"7":1,"8":1,"9":1,"10":1,"11":1,"12":1,"13":10,"14":1,"15":1,"16":0,"17":1,"18":1,"19":1,"20":1,"21":0,"22":1,"23":1,"24":1,"25":0,"26":1,"27":1,"28":1,"29":1,"30":1,"31":1,"32":1,"33":0,"34":1,"35":0,"36":1,"37":1,"38":1,"39":1,"40":1,"41":0,"42":0,"43":1,"44":1,"45":1,"46":1,"47":1,"48":1,"49":1,"50":0,"51":0},"f":{"0":1,"1":10,"2":1,"3":1,"4":1,"5":1},"b":{"0":[1],"1":[0,1],"2":[0,1],"3":[1,0],"4":[1,0]},"_coverageSchema":"1a1c01bbd47fc00a2c39e90264f33305004495a9","hash":"bf70529e1b2e4ec752bcd016cb0b8ae543b85a8f"}
,"D:\\Web\\alkemy-sk\\n-8-Alk-31-10\\database\\models\\category.js": {"path":"D:\\Web\\alkemy-sk\\n-8-Alk-31-10\\database\\models\\category.js","statementMap":{"0":{"start":{"line":2,"column":18},"end":{"line":2,"column":38}},"1":{"start":{"line":3,"column":0},"end":{"line":28,"column":2}},"2":{"start":{"line":11,"column":6},"end":{"line":11,"column":73}},"3":{"start":{"line":14,"column":2},"end":{"line":26,"column":4}},"4":{"start":{"line":27,"column":2},"end":{"line":27,"column":18}}},"fnMap":{"0":{"name":"(anonymous_0)","decl":{"start":{"line":3,"column":17},"end":{"line":3,"column":18}},"loc":{"start":{"line":3,"column":43},"end":{"line":28,"column":1}},"line":3},"1":{"name":"(anonymous_1)","decl":{"start":{"line":10,"column":4},"end":{"line":10,"column":5}},"loc":{"start":{"line":10,"column":29},"end":{"line":12,"column":5}},"line":10}},"branchMap":{},"s":{"0":1,"1":1,"2":1,"3":1,"4":1},"f":{"0":1,"1":1},"b":{},"_coverageSchema":"1a1c01bbd47fc00a2c39e90264f33305004495a9","hash":"eebdd150dc6ddc7a06dc7d4709ecd9ab859eb8d9"}
,"D:\\Web\\alkemy-sk\\n-8-Alk-31-10\\database\\models\\index.js": {"path":"D:\\Web\\alkemy-sk\\n-8-Alk-31-10\\database\\models\\index.js","statementMap":{"0":{"start":{"line":3,"column":11},"end":{"line":3,"column":24}},"1":{"start":{"line":4,"column":13},"end":{"line":4,"column":28}},"2":{"start":{"line":5,"column":18},"end":{"line":5,"column":38}},"3":{"start":{"line":6,"column":17},"end":{"line":6,"column":42}},"4":{"start":{"line":7,"column":12},"end":{"line":7,"column":49}},"5":{"start":{"line":8,"column":15},"end":{"line":8,"column":66}},"6":{"start":{"line":9,"column":11},"end":{"line":9,"column":13}},"7":{"start":{"line":12,"column":0},"end":{"line":16,"column":1}},"8":{"start":{"line":13,"column":2},"end":{"line":13,"column":74}},"9":{"start":{"line":15,"column":2},"end":{"line":15,"column":87}},"10":{"start":{"line":18,"column":0},"end":{"line":26,"column":5}},"11":{"start":{"line":21,"column":4},"end":{"line":21,"column":90}},"12":{"start":{"line":24,"column":18},"end":{"line":24,"column":85}},"13":{"start":{"line":25,"column":4},"end":{"line":25,"column":27}},"14":{"start":{"line":28,"column":0},"end":{"line":32,"column":3}},"15":{"start":{"line":29,"column":2},"end":{"line":31,"column":3}},"16":{"start":{"line":30,"column":4},"end":{"line":30,"column":32}},"17":{"start":{"line":34,"column":0},"end":{"line":34,"column":25}},"18":{"start":{"line":35,"column":0},"end":{"line":35,"column":25}},"19":{"start":{"line":37,"column":0},"end":{"line":37,"column":20}}},"fnMap":{"0":{"name":"(anonymous_0)","decl":{"start":{"line":20,"column":10},"end":{"line":20,"column":11}},"loc":{"start":{"line":20,"column":18},"end":{"line":22,"column":3}},"line":20},"1":{"name":"(anonymous_1)","decl":{"start":{"line":23,"column":11},"end":{"line":23,"column":12}},"loc":{"start":{"line":23,"column":19},"end":{"line":26,"column":3}},"line":23},"2":{"name":"(anonymous_2)","decl":{"start":{"line":28,"column":24},"end":{"line":28,"column":25}},"loc":{"start":{"line":28,"column":37},"end":{"line":32,"column":1}},"line":28}},"branchMap":{"0":{"loc":{"start":{"line":7,"column":12},"end":{"line":7,"column":49}},"type":"binary-expr","locations":[{"start":{"line":7,"column":12},"end":{"line":7,"column":32}},{"start":{"line":7,"column":36},"end":{"line":7,"column":49}}],"line":7},"1":{"loc":{"start":{"line":12,"column":0},"end":{"line":16,"column":1}},"type":"if","locations":[{"start":{"line":12,"column":0},"end":{"line":16,"column":1}},{"start":{"line":14,"column":7},"end":{"line":16,"column":1}}],"line":12},"2":{"loc":{"start":{"line":21,"column":11},"end":{"line":21,"column":89}},"type":"binary-expr","locations":[{"start":{"line":21,"column":12},"end":{"line":21,"column":35}},{"start":{"line":21,"column":41},"end":{"line":21,"column":58}},{"start":{"line":21,"column":64},"end":{"line":21,"column":88}}],"line":21},"3":{"loc":{"start":{"line":29,"column":2},"end":{"line":31,"column":3}},"type":"if","locations":[{"start":{"line":29,"column":2},"end":{"line":31,"column":3}},{"start":{},"end":{}}],"line":29}},"s":{"0":1,"1":1,"2":1,"3":1,"4":1,"5":1,"6":1,"7":1,"8":0,"9":1,"10":1,"11":5,"12":4,"13":4,"14":1,"15":4,"16":4,"17":1,"18":1,"19":1},"f":{"0":5,"1":4,"2":4},"b":{"0":[1,0],"1":[0,1],"2":[5,5,4],"3":[4,0]},"_coverageSchema":"1a1c01bbd47fc00a2c39e90264f33305004495a9","hash":"43f4d97c4d3d6cb9aaddb957a54a62787dc71253"}
,"D:\\Web\\alkemy-sk\\n-8-Alk-31-10\\database\\models\\role.js": {"path":"D:\\Web\\alkemy-sk\\n-8-Alk-31-10\\database\\models\\role.js","statementMap":{"0":{"start":{"line":2,"column":18},"end":{"line":2,"column":38}},"1":{"start":{"line":3,"column":0},"end":{"line":27,"column":2}},"2":{"start":{"line":11,"column":6},"end":{"line":11,"column":58}},"3":{"start":{"line":14,"column":2},"end":{"line":25,"column":4}},"4":{"start":{"line":26,"column":2},"end":{"line":26,"column":14}}},"fnMap":{"0":{"name":"(anonymous_0)","decl":{"start":{"line":3,"column":17},"end":{"line":3,"column":18}},"loc":{"start":{"line":3,"column":43},"end":{"line":27,"column":1}},"line":3},"1":{"name":"(anonymous_1)","decl":{"start":{"line":10,"column":4},"end":{"line":10,"column":5}},"loc":{"start":{"line":10,"column":29},"end":{"line":12,"column":5}},"line":10}},"branchMap":{},"s":{"0":1,"1":1,"2":1,"3":1,"4":1},"f":{"0":1,"1":1},"b":{},"_coverageSchema":"1a1c01bbd47fc00a2c39e90264f33305004495a9","hash":"0c42a06a11af416e4bbb4ef55dd525e1b249ccb3"}
,"D:\\Web\\alkemy-sk\\n-8-Alk-31-10\\database\\models\\transaction.js": {"path":"D:\\Web\\alkemy-sk\\n-8-Alk-31-10\\database\\models\\transaction.js","statementMap":{"0":{"start":{"line":2,"column":18},"end":{"line":2,"column":38}},"1":{"start":{"line":3,"column":0},"end":{"line":31,"column":2}},"2":{"start":{"line":11,"column":6},"end":{"line":11,"column":67}},"3":{"start":{"line":12,"column":6},"end":{"line":12,"column":75}},"4":{"start":{"line":15,"column":2},"end":{"line":29,"column":4}},"5":{"start":{"line":30,"column":2},"end":{"line":30,"column":21}}},"fnMap":{"0":{"name":"(anonymous_0)","decl":{"start":{"line":3,"column":17},"end":{"line":3,"column":18}},"loc":{"start":{"line":3,"column":43},"end":{"line":31,"column":1}},"line":3},"1":{"name":"(anonymous_1)","decl":{"start":{"line":10,"column":4},"end":{"line":10,"column":5}},"loc":{"start":{"line":10,"column":29},"end":{"line":13,"column":5}},"line":10}},"branchMap":{},"s":{"0":1,"1":1,"2":1,"3":1,"4":1,"5":1},"f":{"0":1,"1":1},"b":{},"_coverageSchema":"1a1c01bbd47fc00a2c39e90264f33305004495a9","hash":"b562b8c3548236867b33f27b0231edf729cda57c"}
,"D:\\Web\\alkemy-sk\\n-8-Alk-31-10\\database\\models\\user.js": {"path":"D:\\Web\\alkemy-sk\\n-8-Alk-31-10\\database\\models\\user.js","statementMap":{"0":{"start":{"line":2,"column":18},"end":{"line":2,"column":38}},"1":{"start":{"line":3,"column":0},"end":{"line":31,"column":2}},"2":{"start":{"line":12,"column":6},"end":{"line":12,"column":72}},"3":{"start":{"line":15,"column":2},"end":{"line":29,"column":4}},"4":{"start":{"line":30,"column":2},"end":{"line":30,"column":14}}},"fnMap":{"0":{"name":"(anonymous_0)","decl":{"start":{"line":3,"column":17},"end":{"line":3,"column":18}},"loc":{"start":{"line":3,"column":43},"end":{"line":31,"column":1}},"line":3},"1":{"name":"(anonymous_1)","decl":{"start":{"line":10,"column":4},"end":{"line":10,"column":5}},"loc":{"start":{"line":10,"column":29},"end":{"line":13,"column":5}},"line":10}},"branchMap":{},"s":{"0":1,"1":1,"2":1,"3":1,"4":1},"f":{"0":1,"1":1},"b":{},"_coverageSchema":"1a1c01bbd47fc00a2c39e90264f33305004495a9","hash":"1b7f48fad1627e576ee085eeb1a8aeef3c0a1870"}
,"D:\\Web\\alkemy-sk\\n-8-Alk-31-10\\helpers\\catchAsync.js": {"path":"D:\\Web\\alkemy-sk\\n-8-Alk-31-10\\helpers\\catchAsync.js","statementMap":{"0":{"start":{"line":1,"column":19},"end":{"line":3,"column":1}},"1":{"start":{"line":1,"column":27},"end":{"line":3,"column":1}},"2":{"start":{"line":2,"column":2},"end":{"line":2,"column":33}},"3":{"start":{"line":5,"column":0},"end":{"line":7,"column":2}}},"fnMap":{"0":{"name":"(anonymous_0)","decl":{"start":{"line":1,"column":19},"end":{"line":1,"column":20}},"loc":{"start":{"line":1,"column":27},"end":{"line":3,"column":1}},"line":1},"1":{"name":"(anonymous_1)","decl":{"start":{"line":1,"column":27},"end":{"line":1,"column":28}},"loc":{"start":{"line":1,"column":47},"end":{"line":3,"column":1}},"line":1}},"branchMap":{},"s":{"0":1,"1":15,"2":6,"3":1},"f":{"0":15,"1":6},"b":{},"_coverageSchema":"1a1c01bbd47fc00a2c39e90264f33305004495a9","hash":"7d10e59bdf59e7967508e69f7f1370663988b990"}
,"D:\\Web\\alkemy-sk\\n-8-Alk-31-10\\helpers\\error.js": {"path":"D:\\Web\\alkemy-sk\\n-8-Alk-31-10\\helpers\\error.js","statementMap":{"0":{"start":{"line":9,"column":4},"end":{"line":9,"column":12}},"1":{"start":{"line":11,"column":4},"end":{"line":11,"column":27}},"2":{"start":{"line":12,"column":4},"end":{"line":12,"column":33}},"3":{"start":{"line":13,"column":4},"end":{"line":13,"column":69}},"4":{"start":{"line":14,"column":4},"end":{"line":14,"column":30}},"5":{"start":{"line":15,"column":4},"end":{"line":15,"column":25}},"6":{"start":{"line":17,"column":4},"end":{"line":17,"column":52}},"7":{"start":{"line":21,"column":0},"end":{"line":23,"column":2}}},"fnMap":{"0":{"name":"(anonymous_0)","decl":{"start":{"line":2,"column":2},"end":{"line":2,"column":3}},"loc":{"start":{"line":2,"column":48},"end":{"line":18,"column":3}},"line":2}},"branchMap":{"0":{"loc":{"start":{"line":2,"column":35},"end":{"line":2,"column":46}},"type":"default-arg","locations":[{"start":{"line":2,"column":44},"end":{"line":2,"column":46}}],"line":2},"1":{"loc":{"start":{"line":13,"column":18},"end":{"line":13,"column":68}},"type":"cond-expr","locations":[{"start":{"line":13,"column":52},"end":{"line":13,"column":58}},{"start":{"line":13,"column":61},"end":{"line":13,"column":68}}],"line":13}},"s":{"0":0,"1":0,"2":0,"3":0,"4":0,"5":0,"6":0,"7":1},"f":{"0":0},"b":{"0":[0],"1":[0,0]},"_coverageSchema":"1a1c01bbd47fc00a2c39e90264f33305004495a9","hash":"0052eb8b37adabda2a299ede19298249f9dd829c"}
,"D:\\Web\\alkemy-sk\\n-8-Alk-31-10\\helpers\\pagination.js": {"path":"D:\\Web\\alkemy-sk\\n-8-Alk-31-10\\helpers\\pagination.js","statementMap":{"0":{"start":{"line":1,"column":16},"end":{"line":1,"column":43}},"1":{"start":{"line":3,"column":23},"end":{"line":15,"column":1}},"2":{"start":{"line":4,"column":16},"end":{"line":4,"column":52}},"3":{"start":{"line":5,"column":15},"end":{"line":5,"column":17}},"4":{"start":{"line":6,"column":16},"end":{"line":6,"column":35}},"5":{"start":{"line":7,"column":2},"end":{"line":14,"column":4}},"6":{"start":{"line":17,"column":0},"end":{"line":19,"column":2}}},"fnMap":{"0":{"name":"(anonymous_0)","decl":{"start":{"line":3,"column":23},"end":{"line":3,"column":24}},"loc":{"start":{"line":3,"column":46},"end":{"line":15,"column":1}},"line":3}},"branchMap":{"0":{"loc":{"start":{"line":10,"column":6},"end":{"line":12,"column":14}},"type":"cond-expr","locations":[{"start":{"line":11,"column":10},"end":{"line":11,"column":52}},{"start":{"line":12,"column":10},"end":{"line":12,"column":14}}],"line":10},"1":{"loc":{"start":{"line":13,"column":10},"end":{"line":13,"column":70}},"type":"cond-expr","locations":[{"start":{"line":13,"column":21},"end":{"line":13,"column":63}},{"start":{"line":13,"column":66},"end":{"line":13,"column":70}}],"line":13}},"s":{"0":1,"1":1,"2":1,"3":1,"4":1,"5":1,"6":1},"f":{"0":1},"b":{"0":[1,0],"1":[0,1]},"_coverageSchema":"1a1c01bbd47fc00a2c39e90264f33305004495a9","hash":"b01af42615330a95b25171131071c90b2200af4e"}
,"D:\\Web\\alkemy-sk\\n-8-Alk-31-10\\helpers\\success.js": {"path":"D:\\Web\\alkemy-sk\\n-8-Alk-31-10\\helpers\\success.js","statementMap":{"0":{"start":{"line":1,"column":25},"end":{"line":16,"column":1}},"1":{"start":{"line":9,"column":2},"end":{"line":15,"column":5}},"2":{"start":{"line":18,"column":0},"end":{"line":20,"column":2}}},"fnMap":{"0":{"name":"(anonymous_0)","decl":{"start":{"line":1,"column":25},"end":{"line":1,"column":26}},"loc":{"start":{"line":8,"column":6},"end":{"line":16,"column":1}},"line":8}},"branchMap":{"0":{"loc":{"start":{"line":3,"column":2},"end":{"line":3,"column":12}},"type":"default-arg","locations":[{"start":{"line":3,"column":9},"end":{"line":3,"column":12}}],"line":3},"1":{"loc":{"start":{"line":4,"column":2},"end":{"line":4,"column":15}},"type":"default-arg","locations":[{"start":{"line":4,"column":11},"end":{"line":4,"column":15}}],"line":4}},"s":{"0":1,"1":6,"2":1},"f":{"0":6},"b":{"0":[6],"1":[6]},"_coverageSchema":"1a1c01bbd47fc00a2c39e90264f33305004495a9","hash":"632f95d614c0b2b56fceed4fbfe0477ef0b4a32d"}
,"D:\\Web\\alkemy-sk\\n-8-Alk-31-10\\middlewares\\index.js": {"path":"D:\\Web\\alkemy-sk\\n-8-Alk-31-10\\middlewares\\index.js","statementMap":{"0":{"start":{"line":1,"column":12},"end":{"line":1,"column":28}},"1":{"start":{"line":2,"column":15},"end":{"line":2,"column":34}},"2":{"start":{"line":3,"column":22},"end":{"line":3,"column":44}},"3":{"start":{"line":4,"column":22},"end":{"line":4,"column":44}},"4":{"start":{"line":6,"column":0},"end":{"line":11,"column":2}}},"fnMap":{},"branchMap":{},"s":{"0":1,"1":1,"2":1,"3":1,"4":1},"f":{},"b":{},"_coverageSchema":"1a1c01bbd47fc00a2c39e90264f33305004495a9","hash":"43c33a629c72174f610526670dad903df9d4ee89"}
,"D:\\Web\\alkemy-sk\\n-8-Alk-31-10\\middlewares\\jwt.js": {"path":"D:\\Web\\alkemy-sk\\n-8-Alk-31-10\\middlewares\\jwt.js","statementMap":{"0":{"start":{"line":1,"column":12},"end":{"line":1,"column":35}},"1":{"start":{"line":2,"column":19},"end":{"line":2,"column":46}},"2":{"start":{"line":4,"column":15},"end":{"line":6,"column":1}},"3":{"start":{"line":5,"column":2},"end":{"line":5,"column":35}},"4":{"start":{"line":8,"column":15},"end":{"line":10,"column":1}},"5":{"start":{"line":9,"column":2},"end":{"line":9,"column":27}},"6":{"start":{"line":12,"column":15},"end":{"line":18,"column":1}},"7":{"start":{"line":13,"column":2},"end":{"line":17,"column":3}},"8":{"start":{"line":14,"column":4},"end":{"line":14,"column":37}},"9":{"start":{"line":16,"column":4},"end":{"line":16,"column":16}},"10":{"start":{"line":20,"column":0},"end":{"line":24,"column":2}}},"fnMap":{"0":{"name":"(anonymous_0)","decl":{"start":{"line":4,"column":15},"end":{"line":4,"column":16}},"loc":{"start":{"line":4,"column":28},"end":{"line":6,"column":1}},"line":4},"1":{"name":"(anonymous_1)","decl":{"start":{"line":8,"column":15},"end":{"line":8,"column":16}},"loc":{"start":{"line":8,"column":26},"end":{"line":10,"column":1}},"line":8},"2":{"name":"(anonymous_2)","decl":{"start":{"line":12,"column":15},"end":{"line":12,"column":16}},"loc":{"start":{"line":12,"column":26},"end":{"line":18,"column":1}},"line":12}},"branchMap":{},"s":{"0":1,"1":1,"2":1,"3":13,"4":1,"5":3,"6":1,"7":0,"8":0,"9":0,"10":1},"f":{"0":13,"1":3,"2":0},"b":{},"_coverageSchema":"1a1c01bbd47fc00a2c39e90264f33305004495a9","hash":"5cce2ab97aeff27b52f94172790f9a2ed8e64941"}
,"D:\\Web\\alkemy-sk\\n-8-Alk-31-10\\middlewares\\multer.js": {"path":"D:\\Web\\alkemy-sk\\n-8-Alk-31-10\\middlewares\\multer.js","statementMap":{"0":{"start":{"line":1,"column":15},"end":{"line":1,"column":32}},"1":{"start":{"line":2,"column":24},"end":{"line":2,"column":51}},"2":{"start":{"line":4,"column":16},"end":{"line":13,"column":2}},"3":{"start":{"line":6,"column":4},"end":{"line":6,"column":22}},"4":{"start":{"line":9,"column":25},"end":{"line":9,"column":75}},"5":{"start":{"line":10,"column":16},"end":{"line":10,"column":52}},"6":{"start":{"line":11,"column":4},"end":{"line":11,"column":56}},"7":{"start":{"line":15,"column":15},"end":{"line":30,"column":2}},"8":{"start":{"line":18,"column":4},"end":{"line":28,"column":5}},"9":{"start":{"line":24,"column":6},"end":{"line":24,"column":21}},"10":{"start":{"line":26,"column":6},"end":{"line":26,"column":22}},"11":{"start":{"line":27,"column":6},"end":{"line":27,"column":79}},"12":{"start":{"line":32,"column":0},"end":{"line":32,"column":24}}},"fnMap":{"0":{"name":"(anonymous_0)","decl":{"start":{"line":5,"column":15},"end":{"line":5,"column":16}},"loc":{"start":{"line":5,"column":40},"end":{"line":7,"column":3}},"line":5},"1":{"name":"(anonymous_1)","decl":{"start":{"line":8,"column":12},"end":{"line":8,"column":13}},"loc":{"start":{"line":8,"column":37},"end":{"line":12,"column":3}},"line":8},"2":{"name":"(anonymous_2)","decl":{"start":{"line":17,"column":14},"end":{"line":17,"column":15}},"loc":{"start":{"line":17,"column":33},"end":{"line":29,"column":3}},"line":17}},"branchMap":{"0":{"loc":{"start":{"line":18,"column":4},"end":{"line":28,"column":5}},"type":"if","locations":[{"start":{"line":18,"column":4},"end":{"line":28,"column":5}},{"start":{"line":25,"column":11},"end":{"line":28,"column":5}}],"line":18},"1":{"loc":{"start":{"line":19,"column":6},"end":{"line":22,"column":35}},"type":"binary-expr","locations":[{"start":{"line":19,"column":6},"end":{"line":19,"column":34}},{"start":{"line":20,"column":6},"end":{"line":20,"column":34}},{"start":{"line":21,"column":6},"end":{"line":21,"column":34}},{"start":{"line":22,"column":6},"end":{"line":22,"column":35}}],"line":19}},"s":{"0":1,"1":1,"2":1,"3":0,"4":0,"5":0,"6":0,"7":1,"8":0,"9":0,"10":0,"11":0,"12":1},"f":{"0":0,"1":0,"2":0},"b":{"0":[0,0],"1":[0,0,0,0]},"_coverageSchema":"1a1c01bbd47fc00a2c39e90264f33305004495a9","hash":"67fdd879c1ebc30c076c4d816ba203c42e833ca2"}
,"D:\\Web\\alkemy-sk\\n-8-Alk-31-10\\middlewares\\ownership.js": {"path":"D:\\Web\\alkemy-sk\\n-8-Alk-31-10\\middlewares\\ownership.js","statementMap":{"0":{"start":{"line":1,"column":19},"end":{"line":1,"column":35}},"1":{"start":{"line":2,"column":24},"end":{"line":2,"column":51}},"2":{"start":{"line":4,"column":18},"end":{"line":19,"column":1}},"3":{"start":{"line":5,"column":2},"end":{"line":18,"column":3}},"4":{"start":{"line":6,"column":19},"end":{"line":6,"column":29}},"5":{"start":{"line":8,"column":16},"end":{"line":8,"column":58}},"6":{"start":{"line":10,"column":22},"end":{"line":10,"column":35}},"7":{"start":{"line":11,"column":4},"end":{"line":15,"column":5}},"8":{"start":{"line":12,"column":6},"end":{"line":12,"column":13}},"9":{"start":{"line":14,"column":6},"end":{"line":14,"column":54}},"10":{"start":{"line":17,"column":4},"end":{"line":17,"column":16}},"11":{"start":{"line":21,"column":0},"end":{"line":23,"column":2}}},"fnMap":{"0":{"name":"(anonymous_0)","decl":{"start":{"line":4,"column":18},"end":{"line":4,"column":19}},"loc":{"start":{"line":4,"column":44},"end":{"line":19,"column":1}},"line":4}},"branchMap":{"0":{"loc":{"start":{"line":11,"column":4},"end":{"line":15,"column":5}},"type":"if","locations":[{"start":{"line":11,"column":4},"end":{"line":15,"column":5}},{"start":{"line":13,"column":11},"end":{"line":15,"column":5}}],"line":11},"1":{"loc":{"start":{"line":11,"column":8},"end":{"line":11,"column":55}},"type":"binary-expr","locations":[{"start":{"line":11,"column":8},"end":{"line":11,"column":28}},{"start":{"line":11,"column":32},"end":{"line":11,"column":55}}],"line":11}},"s":{"0":1,"1":1,"2":1,"3":3,"4":3,"5":3,"6":3,"7":3,"8":3,"9":0,"10":0,"11":1},"f":{"0":3},"b":{"0":[3,0],"1":[3,2]},"_coverageSchema":"1a1c01bbd47fc00a2c39e90264f33305004495a9","hash":"34519ba82c12b21c347642e7a500b6098f8e14b1"}
,"D:\\Web\\alkemy-sk\\n-8-Alk-31-10\\middlewares\\validator.js": {"path":"D:\\Web\\alkemy-sk\\n-8-Alk-31-10\\middlewares\\validator.js","statementMap":{"0":{"start":{"line":1,"column":42},"end":{"line":1,"column":70}},"1":{"start":{"line":2,"column":24},"end":{"line":2,"column":51}},"2":{"start":{"line":4,"column":0},"end":{"line":19,"column":2}},"3":{"start":{"line":6,"column":4},"end":{"line":17,"column":6}},"4":{"start":{"line":9,"column":8},"end":{"line":15,"column":9}},"5":{"start":{"line":10,"column":25},"end":{"line":10,"column":46}},"6":{"start":{"line":11,"column":10},"end":{"line":11,"column":77}},"7":{"start":{"line":11,"column":33},"end":{"line":11,"column":77}},"8":{"start":{"line":12,"column":10},"end":{"line":12,"column":17}},"9":{"start":{"line":14,"column":10},"end":{"line":14,"column":22}}},"fnMap":{"0":{"name":"(anonymous_0)","decl":{"start":{"line":5,"column":13},"end":{"line":5,"column":14}},"loc":{"start":{"line":5,"column":25},"end":{"line":18,"column":3}},"line":5},"1":{"name":"(anonymous_1)","decl":{"start":{"line":8,"column":6},"end":{"line":8,"column":7}},"loc":{"start":{"line":8,"column":26},"end":{"line":16,"column":7}},"line":8}},"branchMap":{"0":{"loc":{"start":{"line":11,"column":10},"end":{"line":11,"column":77}},"type":"if","locations":[{"start":{"line":11,"column":10},"end":{"line":11,"column":77}},{"start":{},"end":{}}],"line":11}},"s":{"0":1,"1":1,"2":1,"3":8,"4":5,"5":5,"6":5,"7":0,"8":5,"9":0},"f":{"0":8,"1":5},"b":{"0":[0,5]},"_coverageSchema":"1a1c01bbd47fc00a2c39e90264f33305004495a9","hash":"c468e69d31b6b3be1d8219f9fff475536be193a5"}
,"D:\\Web\\alkemy-sk\\n-8-Alk-31-10\\routes\\auth.js": {"path":"D:\\Web\\alkemy-sk\\n-8-Alk-31-10\\routes\\auth.js","statementMap":{"0":{"start":{"line":1,"column":19},"end":{"line":1,"column":37}},"1":{"start":{"line":2,"column":27},"end":{"line":2,"column":53}},"2":{"start":{"line":3,"column":24},"end":{"line":3,"column":50}},"3":{"start":{"line":4,"column":22},"end":{"line":4,"column":57}},"4":{"start":{"line":6,"column":15},"end":{"line":6,"column":23}},"5":{"start":{"line":8,"column":0},"end":{"line":8,"column":68}},"6":{"start":{"line":10,"column":0},"end":{"line":10,"column":24}}},"fnMap":{},"branchMap":{},"s":{"0":1,"1":1,"2":1,"3":1,"4":1,"5":1,"6":1},"f":{},"b":{},"_coverageSchema":"1a1c01bbd47fc00a2c39e90264f33305004495a9","hash":"d6ba169e0babd7ad80d77fed2c6c0e98c0c5e913"}
,"D:\\Web\\alkemy-sk\\n-8-Alk-31-10\\routes\\categories.js": {"path":"D:\\Web\\alkemy-sk\\n-8-Alk-31-10\\routes\\categories.js","statementMap":{"0":{"start":{"line":1,"column":16},"end":{"line":1,"column":34}},"1":{"start":{"line":2,"column":22},"end":{"line":2,"column":57}},"2":{"start":{"line":3,"column":27},"end":{"line":3,"column":69}},"3":{"start":{"line":4,"column":41},"end":{"line":4,"column":77}},"4":{"start":{"line":6,"column":15},"end":{"line":6,"column":31}},"5":{"start":{"line":8,"column":0},"end":{"line":8,"column":21}},"6":{"start":{"line":9,"column":0},"end":{"line":9,"column":28}},"7":{"start":{"line":10,"column":0},"end":{"line":10,"column":52}},"8":{"start":{"line":11,"column":0},"end":{"line":11,"column":27}},"9":{"start":{"line":13,"column":0},"end":{"line":13,"column":24}}},"fnMap":{},"branchMap":{},"s":{"0":1,"1":1,"2":1,"3":1,"4":1,"5":1,"6":1,"7":1,"8":1,"9":1},"f":{},"b":{},"_coverageSchema":"1a1c01bbd47fc00a2c39e90264f33305004495a9","hash":"40d0c0704081b251217816e4221a99a05f73c426"}
,"D:\\Web\\alkemy-sk\\n-8-Alk-31-10\\routes\\index.js": {"path":"D:\\Web\\alkemy-sk\\n-8-Alk-31-10\\routes\\index.js","statementMap":{"0":{"start":{"line":1,"column":19},"end":{"line":1,"column":37}},"1":{"start":{"line":2,"column":20},"end":{"line":2,"column":38}},"2":{"start":{"line":3,"column":27},"end":{"line":3,"column":52}},"3":{"start":{"line":4,"column":25},"end":{"line":4,"column":48}},"4":{"start":{"line":5,"column":19},"end":{"line":5,"column":36}},"5":{"start":{"line":7,"column":15},"end":{"line":7,"column":23}},"6":{"start":{"line":9,"column":0},"end":{"line":9,"column":34}},"7":{"start":{"line":10,"column":0},"end":{"line":10,"column":48}},"8":{"start":{"line":11,"column":0},"end":{"line":11,"column":44}},"9":{"start":{"line":12,"column":0},"end":{"line":12,"column":32}},"10":{"start":{"line":14,"column":0},"end":{"line":14,"column":24}}},"fnMap":{},"branchMap":{},"s":{"0":1,"1":1,"2":1,"3":1,"4":1,"5":1,"6":1,"7":1,"8":1,"9":1,"10":1},"f":{},"b":{},"_coverageSchema":"1a1c01bbd47fc00a2c39e90264f33305004495a9","hash":"8693907eab7dc26144cca7f3ff011aa46777cb3c"}
,"D:\\Web\\alkemy-sk\\n-8-Alk-31-10\\routes\\transactions.js": {"path":"D:\\Web\\alkemy-sk\\n-8-Alk-31-10\\routes\\transactions.js","statementMap":{"0":{"start":{"line":1,"column":16},"end":{"line":1,"column":34}},"1":{"start":{"line":8,"column":4},"end":{"line":8,"column":42}},"2":{"start":{"line":9,"column":22},"end":{"line":9,"column":47}},"3":{"start":{"line":10,"column":31},"end":{"line":10,"column":77}},"4":{"start":{"line":11,"column":15},"end":{"line":11,"column":31}},"5":{"start":{"line":13,"column":0},"end":{"line":13,"column":21}},"6":{"start":{"line":14,"column":0},"end":{"line":14,"column":30}},"7":{"start":{"line":15,"column":0},"end":{"line":15,"column":28}},"8":{"start":{"line":16,"column":0},"end":{"line":16,"column":58}},"9":{"start":{"line":17,"column":0},"end":{"line":17,"column":56}},"10":{"start":{"line":19,"column":0},"end":{"line":19,"column":24}}},"fnMap":{},"branchMap":{},"s":{"0":1,"1":1,"2":1,"3":1,"4":1,"5":1,"6":1,"7":1,"8":1,"9":1,"10":1},"f":{},"b":{},"_coverageSchema":"1a1c01bbd47fc00a2c39e90264f33305004495a9","hash":"6813f443c0a20fde1287bd032de93107cbf90bf2"}
,"D:\\Web\\alkemy-sk\\n-8-Alk-31-10\\routes\\users.js": {"path":"D:\\Web\\alkemy-sk\\n-8-Alk-31-10\\routes\\users.js","statementMap":{"0":{"start":{"line":1,"column":16},"end":{"line":1,"column":34}},"1":{"start":{"line":9,"column":4},"end":{"line":9,"column":35}},"2":{"start":{"line":11,"column":23},"end":{"line":11,"column":61}},"3":{"start":{"line":12,"column":24},"end":{"line":12,"column":62}},"4":{"start":{"line":13,"column":33},"end":{"line":13,"column":58}},"5":{"start":{"line":15,"column":15},"end":{"line":15,"column":31}},"6":{"start":{"line":17,"column":0},"end":{"line":17,"column":21}},"7":{"start":{"line":18,"column":0},"end":{"line":18,"column":48}},"8":{"start":{"line":19,"column":0},"end":{"line":19,"column":63}},"9":{"start":{"line":20,"column":0},"end":{"line":20,"column":65}},"10":{"start":{"line":21,"column":0},"end":{"line":21,"column":62}},"11":{"start":{"line":23,"column":0},"end":{"line":23,"column":24}}},"fnMap":{},"branchMap":{},"s":{"0":1,"1":1,"2":1,"3":1,"4":1,"5":1,"6":1,"7":1,"8":1,"9":1,"10":1,"11":1},"f":{},"b":{},"_coverageSchema":"1a1c01bbd47fc00a2c39e90264f33305004495a9","hash":"d375efebc19e10f851ddf8bfb2ce43decfd38ef3"}
,"D:\\Web\\alkemy-sk\\n-8-Alk-31-10\\schemas\\auth.js": {"path":"D:\\Web\\alkemy-sk\\n-8-Alk-31-10\\schemas\\auth.js","statementMap":{"0":{"start":{"line":1,"column":0},"end":{"line":14,"column":2}}},"fnMap":{},"branchMap":{},"s":{"0":1},"f":{},"b":{},"_coverageSchema":"1a1c01bbd47fc00a2c39e90264f33305004495a9","hash":"e4d0b1af108fd926cacf47f8be400616edfcdf09"}
,"D:\\Web\\alkemy-sk\\n-8-Alk-31-10\\schemas\\categoryCreateSchema.js": {"path":"D:\\Web\\alkemy-sk\\n-8-Alk-31-10\\schemas\\categoryCreateSchema.js","statementMap":{"0":{"start":{"line":1,"column":0},"end":{"line":14,"column":2}}},"fnMap":{},"branchMap":{},"s":{"0":1},"f":{},"b":{},"_coverageSchema":"1a1c01bbd47fc00a2c39e90264f33305004495a9","hash":"e37a2af29453ccdb594636ba6d9fa1dbe4516145"}
,"D:\\Web\\alkemy-sk\\n-8-Alk-31-10\\schemas\\transactionsCreateSchema.js": {"path":"D:\\Web\\alkemy-sk\\n-8-Alk-31-10\\schemas\\transactionsCreateSchema.js","statementMap":{"0":{"start":{"line":1,"column":0},"end":{"line":36,"column":2}}},"fnMap":{},"branchMap":{},"s":{"0":1},"f":{},"b":{},"_coverageSchema":"1a1c01bbd47fc00a2c39e90264f33305004495a9","hash":"c8437754e03944a8bf54eeb0d11a3e89e4106bac"}
,"D:\\Web\\alkemy-sk\\n-8-Alk-31-10\\schemas\\userCreateSchema.js": {"path":"D:\\Web\\alkemy-sk\\n-8-Alk-31-10\\schemas\\userCreateSchema.js","statementMap":{"0":{"start":{"line":1,"column":0},"end":{"line":27,"column":2}}},"fnMap":{},"branchMap":{},"s":{"0":1},"f":{},"b":{},"_coverageSchema":"1a1c01bbd47fc00a2c39e90264f33305004495a9","hash":"e847dbbd342ef420d9d0d7830590027beb9d66d0"}
,"D:\\Web\\alkemy-sk\\n-8-Alk-31-10\\schemas\\userValidationId.js": {"path":"D:\\Web\\alkemy-sk\\n-8-Alk-31-10\\schemas\\userValidationId.js","statementMap":{"0":{"start":{"line":1,"column":0},"end":{"line":12,"column":2}}},"fnMap":{},"branchMap":{},"s":{"0":1},"f":{},"b":{},"_coverageSchema":"1a1c01bbd47fc00a2c39e90264f33305004495a9","hash":"7f1d4d9a9a3f464eafb70cb90aa0ca367805ca59"}
,"D:\\Web\\alkemy-sk\\n-8-Alk-31-10\\utils\\bcrypt.util.js": {"path":"D:\\Web\\alkemy-sk\\n-8-Alk-31-10\\utils\\bcrypt.util.js","statementMap":{"0":{"start":{"line":1,"column":15},"end":{"line":1,"column":32}},"1":{"start":{"line":3,"column":0},"end":{"line":11,"column":2}},"2":{"start":{"line":5,"column":17},"end":{"line":5,"column":45}},"3":{"start":{"line":6,"column":4},"end":{"line":6,"column":43}},"4":{"start":{"line":9,"column":4},"end":{"line":9,"column":46}}},"fnMap":{"0":{"name":"(anonymous_0)","decl":{"start":{"line":4,"column":12},"end":{"line":4,"column":13}},"loc":{"start":{"line":4,"column":43},"end":{"line":7,"column":3}},"line":4},"1":{"name":"(anonymous_1)","decl":{"start":{"line":8,"column":15},"end":{"line":8,"column":16}},"loc":{"start":{"line":8,"column":39},"end":{"line":10,"column":3}},"line":8}},"branchMap":{"0":{"loc":{"start":{"line":4,"column":27},"end":{"line":4,"column":38}},"type":"default-arg","locations":[{"start":{"line":4,"column":36},"end":{"line":4,"column":38}}],"line":4}},"s":{"0":1,"1":1,"2":2,"3":2,"4":1},"f":{"0":2,"1":1},"b":{"0":[1]},"_coverageSchema":"1a1c01bbd47fc00a2c39e90264f33305004495a9","hash":"6e4f71b8bc426805293736b0428e9216867962fe"}
}
